# HV LOG FORMAT RELEASE 1.0
#
# BEGIN COMMAND LINE ARGUMENTS
#
D:/Cloud/OneDrive - UNIVERSITAS INDONESIA/[DANU]/MyFiles/[SOFTWARE]/geopsypack-win64-3.5.2/geopsypack-win64-3.5.2/bin/geopsy.exe  $*
exit $?
#
# END COMMAND LINE ARGUMENTS
#
#
# BEGIN SOFTWARE VERSION
#
  Qt                  6.5.2
  QGpCoreTools        2.5.0 from 3.5.2
      (commit 8e7f9523665497a6e0787d4f623634cee8957aff)
  QGpCoreMath         1.5.2 from 3.5.2
      (commit 45a832cd27865662e9e0c63081f3a1d32999f668)
  GeopsyCore          4.5.1 from 3.5.2
      (commit e32288e5b456ea5f2c7ed80d7f3238414692b3e4)
  QGpGuiTools         2.5.0 from 3.5.2
      (commit dd46b2456fe37b3e090e1ab3cec07542a51228a5)
  SciFigs             3.4.1 from 3.5.2
      (commit d9059f148fd7373f6e5e08322d3d212c98efa1d7)
  QGpGuiMath          1.4.0 from 3.5.2
      (commit 01d498dc90602f5e30e43ed6a16a660c70a0d2aa)
  GeopsyGui           3.5.0 from 3.5.2
      (commit c81d772d484fd4bc83908f5c25c8681405d99aac)
  GeopsySLink         2.1.0 from 3.5.2
      (commit 25c6c74090bb522f466c221ae5436774b79e06fb)
  GeopsySLinkGui      2.0.3 from 3.5.2
      (commit a41e443c12241597cebcf02d3646eb1409d7df80)
  geopsy              3.4.0 from 3.5.2
      (commit 4653563244c5f99ae287e46a6f755687b1a08a49)
  geopsyfigs          1.0.2 from 3.5.2
      (commit c634e2e145800675c35f99c9f2016dad12dde7a9)
  campbelltob3        1.0.2 from 3.5.2
      (commit 305fa22c3976f73387543b8e4880152ff57d33fb)
  DinverCore          1.4.0 from 3.5.2
      (commit 2c5867d8a3d3afc8b55dab6683c45e857f3f1206)
  QGpCoreWave         2.3.0 from 3.5.2
      (commit 5f8fb775da4b2ffe1d609b5d5eea1540b835f8af)
  QGpCompatibility    1.2.0 from 3.5.2
      (commit a43f1ead0e7e26355ad8661e59feda87db583379)
  DinverDCCore        2.3.0 from 3.5.2
      (commit dd36cd8af8c63c8dba6be1f3ab842ea7535433f4)
  QGpCoreStat         1.3.0 from 3.5.2
      (commit e9187dc7eb30087d0c28114d969e7cc341f348c4)
  ArrayCore           4.2.1 from 3.5.2
      (commit bced9454c16a9fc3eb0bc5b744a49991f6dca7a2)
  QGpGuiWave          1.3.0 from 3.5.2
      (commit 22916617b90f55989ffb59cd21312bc7ba38bcd3)
  ArrayGui            1.4.0 from 3.5.2
      (commit c735d1d26af99196b6becdadd34801e81bc42409)
  geopsyarray         3.3.1 from 3.5.2
      (commit a38e660189576dccf9cd1154f04faf3bdcfa55d5)
  geopsydamping       2.1.4 from 3.5.2
      (commit 78e000f8ef6e721e79a5375710ae8982828e16c8)
  HVCore              1.2.0 from 3.5.2
      (commit 4ca5ee46175a87a9a7fa60bd11d602b9920c875e)
  HVGui               1.2.0 from 3.5.2
      (commit b4d37a83716e9c7b740abc0c6a7d1561074ce986)
  geopsyhv            4.0.4 from 3.5.2
      (commit ec71ec24ab953dfd059e1b5c68d114259a208c4a)
  geopsynr            1.1.2 from 3.5.2
      (commit 2aa2630f17e95f770bd7dc9968b6b885e8aa2d41)
  geopsyptmotion      2.0.4 from 3.5.2
      (commit f9889e458845b182f26c61b6a256e8a1478de26b)
  geopsyrefra         2.0.3 from 3.5.2
      (commit 5a89d12d1a08b0efa50415814c3b456903b542e4)
  geopsytfa           2.1.2 from 3.5.2
      (commit 1ba23d15f70cd66f3fe1851cc1a992e9d542ab3c)
  hvtfa               2.1.4 from 3.5.2
      (commit ca8f1b1cc8da451d92a4c95eb80e75162b6b1d1c)
  matfiles            1.0.4 from 3.5.2
      (commit 53d1ee979a42e4409603f4f4c1a4a42cc1a9e162)
  phaseit             1.0.3 from 3.5.2
      (commit 79a2e81ead59b0de0d7a659fdabfb9541dda77a2)
#
# END SOFTWARE VERSION
#
#
# BEGIN SIGNAL LIST
#
[COMP 0]
 [SIG 0] D:/Kulon Progo 2025/data/uT12/uT12_merge3comps.mseed at index 2
[COMP 1]
 [SIG 0] D:/Kulon Progo 2025/data/uT12/uT12_merge3comps.mseed at index 1
[COMP 2]
 [SIG 0] D:/Kulon Progo 2025/data/uT12/uT12_merge3comps.mseed at index 0
#
# END SIGNAL LIST
#
#
# BEGIN PARAMETERS
#
# Version 0: all files generated with releases before 20170901 (default for input)
PARAMETERS_VERSION=1
# TYPEs:
#   - Signal: from the start or to the end of signal (TEXT are useless)
#   - Delta: a fixed duration counted from the start or the end (e.g. TEXT=1h).
#   - Pick: from or to a time pick (TEXT=time pick name).
#   - Absolute: from or to a fixed time (e.g. TEXT=20170314115338.00)
FROM_TIME_TYPE=Signal
FROM_TIME_TEXT=0s
# TYPEs: Signal, Delta, Absolute
TO_TIME_TYPE=Signal
TO_TIME_TEXT=0s
REFERENCE=
COMMON_TIME_WINDOWS=false
# TYPEs: Exactly, AtLeast, FrequencyDependent
WINDOW_LENGTH_TYPE=Exactly
WINDOW_MIN_LENGTH(s)=15
WINDOW_MAX_LENGTH(s)=15
WINDOW_MAX_COUNT=0
# Length of time windows are adjusted to avoid a prime number of samples which
# slows down the FFT computation. Usually a maximum prime of 11 in the prime factorization
# of the number of samples is a good compromise between the speed and the lenght inaccuracy
# Leave as zero to allow any prime number factorization.
WINDOW_MAXIMUM_PRIME_FACTOR=11
BAD_SAMPLE_TOLERANCE (s)=0
BAD_SAMPLE_GAP (s)=0
WINDOW_OVERLAP (%)=0
# TYPEs: NoSampleThreshold, RelativeSampleThreshold, AbsoluteSampleThreshold
BAD_SAMPLE_THRESHOLD_TYPE=NoSampleThreshold
ANTI-TRIGGERING_ON_RAW_SIGNAL (y/n)=y
USED_RAW_COMPONENTS=y, y, y
RAW_STA (s)=1
RAW_LTA (s)=30
RAW_MIN_SLTA=0.2
RAW_MAX_SLTA=2
ANTI-TRIGGERING_ON_FILTERED_SIGNAL (y/n)=n
# Start a time window for each seismic event available inside the time range.
SEISMIC_EVENT_TRIGGER (y/n)=n
SEISMIC_EVENT_DELAY (s)=-0.1
WINDOW_TYPE=Cosine
WINDOW_REVERSED=n
SMOOTHING_METHOD=Function
SMOOTHING_WIDTH_TYPE=Proportional
SMOOTHING_WIDTH=0.9
# Describes the way values are summed: on a linear, log or inverse scale
SMOOTHING_SCALE_TYPE=Linear
SMOOTHING_WINDOW_TYPE=Cosine
SMOOTHING_WINDOW_REVERSED=n
MINIMUM_FREQUENCY=0.1
MAXIMUM_FREQUENCY=100
# Either 'Linear', 'Log' or 'Inverse'
SCALE_TYPE_FREQUENCY=Log
# Number of samples is either set to a fixed value ('Count') or through a step between samples ('Step')'
STEP_TYPE_FREQUENCY=Step
SAMPLES_NUMBER_FREQUENCY=280
# STEP=difference between two successive samples for 'linear' scales
# STEP=ratio between two successive samples for 'log' scales
# STEP=difference between two successive inverse samples for 'inverse' scales
STEP_FREQUENCY=1.025
# Required when using short time windows when the number of frequency samples
# is higher than the number of points in the spectra.
OVER_SAMPLING_FACTOR=1
HIGH_PASS_FREQUENCY=0
# Possible values for HORIZONTAL_COMPONENTS: Squared, Energy, Azimuth, Geometric
HORIZONTAL_COMPONENTS=Squared
# HORIZONTAL_AZIMUTH is used only when HORIZONTAL_COMPONENTS==Azimuth
HORIZONTAL_AZIMUTH=0
# Used only for rotated output
ROTATION_STEP=10
# Frequency domain window rejection (Cox et al. (2020, GJI)
FREQUENCY_WINDOW_REJECTION_MINIMUM_FREQUENCY=0.1
FREQUENCY_WINDOW_REJECTION_MAXIMUM_FREQUENCY=50
FREQUENCY_WINDOW_REJECTION_STDDEV_FACTOR=2
FREQUENCY_WINDOW_REJECTION_MAXIMUM_ITERATIONS=50
#
# END PARAMETERS
#
#
# BEGIN WINDOWING LOG
#
Automatic windowing
#
# END WINDOWING LOG
#
#
# BEGIN WINDOW LIST
#
# Number= 234
# Start time 	 End Time 	 Window length
20241022145608.970000	20241022145623.970000	15
20241022145653.726500	20241022145708.726500	15
20241022145749.410000	20241022145804.410000	15
20241022145804.410500	20241022145819.410500	15
20241022145839.385500	20241022145854.385500	15
20241022145854.386000	20241022145909.386000	15
20241022145909.386500	20241022145924.386500	15
20241022150010.260000	20241022150025.260000	15
20241022150031.549000	20241022150046.549000	15
20241022150102.557000	20241022150117.557000	15
20241022150216.411000	20241022150231.411000	15
20241022150245.556500	20241022150300.556500	15
20241022150300.557000	20241022150315.557000	15
20241022150324.119000	20241022150339.119000	15
20241022150339.119500	20241022150354.119500	15
20241022150354.120000	20241022150409.120000	15
20241022150409.120500	20241022150424.120500	15
20241022150432.367000	20241022150447.367000	15
20241022150447.367500	20241022150502.367500	15
20241022150526.134000	20241022150541.134000	15
20241022150552.266500	20241022150607.266500	15
20241022150607.267000	20241022150622.267000	15
20241022150636.296000	20241022150651.296000	15
20241022150654.217000	20241022150709.217000	15
20241022150709.217500	20241022150724.217500	15
20241022150724.218000	20241022150739.218000	15
20241022150739.218500	20241022150754.218500	15
20241022150813.664500	20241022150828.664500	15
20241022150842.644500	20241022150857.644500	15
20241022150857.645000	20241022150912.645000	15
20241022150915.608500	20241022150930.608500	15
20241022150930.609000	20241022150945.609000	15
20241022150954.439500	20241022151009.439500	15
20241022151009.440000	20241022151024.440000	15
20241022151024.440500	20241022151039.440500	15
20241022151039.441000	20241022151054.441000	15
20241022151054.441500	20241022151109.441500	15
20241022151119.048500	20241022151134.048500	15
20241022151134.049000	20241022151149.049000	15
20241022151149.049500	20241022151204.049500	15
20241022151204.050000	20241022151219.050000	15
20241022151219.050500	20241022151234.050500	15
20241022151234.051000	20241022151249.051000	15
20241022151249.051500	20241022151304.051500	15
20241022151304.052000	20241022151319.052000	15
20241022151319.052500	20241022151334.052500	15
20241022151334.053000	20241022151349.053000	15
20241022151349.053500	20241022151404.053500	15
20241022151404.054000	20241022151419.054000	15
20241022151419.054500	20241022151434.054500	15
20241022151451.973500	20241022151506.973500	15
20241022151506.974000	20241022151521.974000	15
20241022151521.974500	20241022151536.974500	15
20241022151536.975000	20241022151551.975000	15
20241022151551.975500	20241022151606.975500	15
20241022151611.936000	20241022151626.936000	15
20241022151626.936500	20241022151641.936500	15
20241022151651.502500	20241022151706.502500	15
20241022151706.503000	20241022151721.503000	15
20241022151721.503500	20241022151736.503500	15
20241022151736.504000	20241022151751.504000	15
20241022151751.504500	20241022151806.504500	15
20241022151824.193000	20241022151839.193000	15
20241022151839.193500	20241022151854.193500	15
20241022151906.428500	20241022151921.428500	15
20241022151921.429000	20241022151936.429000	15
20241022151936.429500	20241022151951.429500	15
20241022151951.430000	20241022152006.430000	15
20241022152006.430500	20241022152021.430500	15
20241022152021.431000	20241022152036.431000	15
20241022152051.481500	20241022152106.481500	15
20241022152106.482000	20241022152121.482000	15
20241022152121.482500	20241022152136.482500	15
20241022152136.483000	20241022152151.483000	15
20241022152151.483500	20241022152206.483500	15
20241022152206.484000	20241022152221.484000	15
20241022152239.114000	20241022152254.114000	15
20241022152309.176000	20241022152324.176000	15
20241022152336.071000	20241022152351.071000	15
20241022152352.047500	20241022152407.047500	15
20241022152407.048000	20241022152422.048000	15
20241022152422.048500	20241022152437.048500	15
20241022152439.089000	20241022152454.089000	15
20241022152454.089500	20241022152509.089500	15
20241022152509.090000	20241022152524.090000	15
20241022152524.090500	20241022152539.090500	15
20241022152539.091000	20241022152554.091000	15
20241022152554.091500	20241022152609.091500	15
20241022152609.092000	20241022152624.092000	15
20241022152624.092500	20241022152639.092500	15
20241022152639.093000	20241022152654.093000	15
20241022152654.093500	20241022152709.093500	15
20241022152717.266000	20241022152732.266000	15
20241022152732.266500	20241022152747.266500	15
20241022152803.769500	20241022152818.769500	15
20241022152818.770000	20241022152833.770000	15
20241022152833.770500	20241022152848.770500	15
20241022152855.737000	20241022152910.737000	15
20241022152910.737500	20241022152925.737500	15
20241022152925.738000	20241022152940.738000	15
20241022152940.738500	20241022152955.738500	15
20241022152955.739000	20241022153010.739000	15
20241022153032.508500	20241022153047.508500	15
20241022153047.509000	20241022153102.509000	15
20241022153102.509500	20241022153117.509500	15
20241022153117.510000	20241022153132.510000	15
20241022153132.510500	20241022153147.510500	15
20241022153147.511000	20241022153202.511000	15
20241022153202.511500	20241022153217.511500	15
20241022153217.512000	20241022153232.512000	15
20241022153232.512500	20241022153247.512500	15
20241022153247.513000	20241022153302.513000	15
20241022153302.513500	20241022153317.513500	15
20241022153317.514000	20241022153332.514000	15
20241022153332.514500	20241022153347.514500	15
20241022153354.345500	20241022153409.345500	15
20241022153409.346000	20241022153424.346000	15
20241022153424.346500	20241022153439.346500	15
20241022153451.625000	20241022153506.625000	15
20241022153506.625500	20241022153521.625500	15
20241022153530.946000	20241022153545.946000	15
20241022153545.946500	20241022153600.946500	15
20241022153600.947000	20241022153615.947000	15
20241022153615.947500	20241022153630.947500	15
20241022153630.948000	20241022153645.948000	15
20241022153659.773500	20241022153714.773500	15
20241022153714.774000	20241022153729.774000	15
20241022153729.774500	20241022153744.774500	15
20241022153756.314000	20241022153811.314000	15
20241022153811.314500	20241022153826.314500	15
20241022153826.315000	20241022153841.315000	15
20241022153841.315500	20241022153856.315500	15
20241022153856.316000	20241022153911.316000	15
20241022153924.869000	20241022153939.869000	15
20241022153945.787000	20241022154000.787000	15
20241022154000.787500	20241022154015.787500	15
20241022154015.788000	20241022154030.788000	15
20241022154030.788500	20241022154045.788500	15
20241022154045.789000	20241022154100.789000	15
20241022154100.789500	20241022154115.789500	15
20241022154115.790000	20241022154130.790000	15
20241022154130.790500	20241022154145.790500	15
20241022154145.791000	20241022154200.791000	15
20241022154200.791500	20241022154215.791500	15
20241022154215.792000	20241022154230.792000	15
20241022154230.792500	20241022154245.792500	15
20241022154245.793000	20241022154300.793000	15
20241022154306.980500	20241022154321.980500	15
20241022154321.981000	20241022154336.981000	15
20241022154351.845500	20241022154406.845500	15
20241022154406.846000	20241022154421.846000	15
20241022154421.846500	20241022154436.846500	15
20241022154436.847000	20241022154451.847000	15
20241022154451.847500	20241022154506.847500	15
20241022154506.848000	20241022154521.848000	15
20241022154521.848500	20241022154536.848500	15
20241022154547.626500	20241022154602.626500	15
20241022154602.627000	20241022154617.627000	15
20241022154617.627500	20241022154632.627500	15
20241022154632.628000	20241022154647.628000	15
20241022154647.628500	20241022154702.628500	15
20241022154702.629000	20241022154717.629000	15
20241022154717.629500	20241022154732.629500	15
20241022154741.544000	20241022154756.544000	15
20241022154756.544500	20241022154811.544500	15
20241022154811.545000	20241022154826.545000	15
20241022154826.545500	20241022154841.545500	15
20241022154852.209000	20241022154907.209000	15
20241022154907.209500	20241022154922.209500	15
20241022154922.210000	20241022154937.210000	15
20241022154952.863000	20241022155007.863000	15
20241022155007.863500	20241022155022.863500	15
20241022155037.991500	20241022155052.991500	15
20241022155052.992000	20241022155107.992000	15
20241022155107.992500	20241022155122.992500	15
20241022155122.993000	20241022155137.993000	15
20241022155141.516500	20241022155156.516500	15
20241022155156.517000	20241022155211.517000	15
20241022155211.517500	20241022155226.517500	15
20241022155246.948000	20241022155301.948000	15
20241022155306.829000	20241022155321.829000	15
20241022155321.829500	20241022155336.829500	15
20241022155336.830000	20241022155351.830000	15
20241022155351.830500	20241022155406.830500	15
20241022155406.831000	20241022155421.831000	15
20241022155421.831500	20241022155436.831500	15
20241022155436.832000	20241022155451.832000	15
20241022155500.694500	20241022155515.694500	15
20241022155515.695000	20241022155530.695000	15
20241022155530.695500	20241022155545.695500	15
20241022155545.696000	20241022155600.696000	15
20241022155600.696500	20241022155615.696500	15
20241022155615.697000	20241022155630.697000	15
20241022155630.697500	20241022155645.697500	15
20241022155645.698000	20241022155700.698000	15
20241022155700.698500	20241022155715.698500	15
20241022155715.699000	20241022155730.699000	15
20241022155745.222500	20241022155800.222500	15
20241022155800.223000	20241022155815.223000	15
20241022155815.223500	20241022155830.223500	15
20241022155830.224000	20241022155845.224000	15
20241022155845.224500	20241022155900.224500	15
20241022155905.917500	20241022155920.917500	15
20241022155920.918000	20241022155935.918000	15
20241022155935.918500	20241022155950.918500	15
20241022155956.993000	20241022160011.993000	15
20241022160011.993500	20241022160026.993500	15
20241022160050.991000	20241022160105.991000	15
20241022160105.991500	20241022160120.991500	15
20241022160120.992000	20241022160135.992000	15
20241022160135.992500	20241022160150.992500	15
20241022160150.993000	20241022160205.993000	15
20241022160205.993500	20241022160220.993500	15
20241022160220.994000	20241022160235.994000	15
20241022160235.994500	20241022160250.994500	15
20241022160250.995000	20241022160305.995000	15
20241022160306.385000	20241022160321.385000	15
20241022160321.385500	20241022160336.385500	15
20241022160337.499500	20241022160352.499500	15
20241022160359.892500	20241022160414.892500	15
20241022160417.711500	20241022160432.711500	15
20241022160432.712000	20241022160447.712000	15
20241022160507.435500	20241022160522.435500	15
20241022160522.436000	20241022160537.436000	15
20241022160541.632500	20241022160556.632500	15
20241022160556.633000	20241022160611.633000	15
20241022160611.633500	20241022160626.633500	15
20241022160626.634000	20241022160641.634000	15
20241022160641.634500	20241022160656.634500	15
20241022160656.635000	20241022160711.635000	15
20241022160711.635500	20241022160726.635500	15
20241022160726.636000	20241022160741.636000	15
20241022160741.636500	20241022160756.636500	15
20241022160807.935000	20241022160822.935000	15
#
# END WINDOW LIST
#
